<?xml version="1.0" encoding="UTF-8" ?>
<testsuite errors="0" skipped="0" tests="6" time="0.031" failures="0" name="org.owasp.esapi.reference.IntegerAccessReferenceMapTest">
  <properties>
[...]
</properties>
  <testcase classname="org.owasp.esapi.reference.IntegerAccessReferenceMapTest" time="0.031" name="testUpdate"/>
  <testcase classname="org.owasp.esapi.reference.IntegerAccessReferenceMapTest" time="0" name="testIterator"/>
  <testcase classname="org.owasp.esapi.reference.IntegerAccessReferenceMapTest" time="0" name="testGetIndirectReference"/>
  <testcase classname="org.owasp.esapi.reference.IntegerAccessReferenceMapTest" time="0" name="testGetDirectReference"/>
  <testcase classname="org.owasp.esapi.reference.IntegerAccessReferenceMapTest" time="0" name="testAddDirectReference"/>
  <testcase classname="org.owasp.esapi.reference.IntegerAccessReferenceMapTest" time="0" name="testRemoveDirectReference"/>
</testsuite>